<?xml version="1.0" encoding="UTF-8"?>
<!-- Generated by org.testng.reporters.JUnitReportReporter -->
<testsuite hostname="LAPTOP-G9O2MJ08" failures="0" tests="1" name="TestingNG.Trrivagopgm" time="3.320" errors="0" timestamp="2024-01-03T21:24:02 IST" skipped="0">
  <testcase classname="TestingNG.Trrivagopgm" name="testlogin" time="3.320"/>
  <system-out/>
</testsuite> <!-- TestingNG.Trrivagopgm -->
