<?xml version="1.0" encoding="UTF-8"?>
<!-- Generated by org.testng.reporters.JUnitReportReporter -->
<testsuite hostname="LAPTOP-G9O2MJ08" failures="0" tests="3" name="TestingNG.TestNGgrouping" time="0.020" errors="0" timestamp="2023-12-19T10:21:02 IST" skipped="0">
  <testcase classname="TestingNG.TestNGgrouping" name="main2" time="0.002"/>
  <system-out/>
  <testcase classname="TestingNG.TestNGgrouping" name="main1" time="0.017"/>
  <system-out/>
  <testcase classname="TestingNG.TestNGgrouping" name="main4" time="0.001"/>
  <system-out/>
</testsuite> <!-- TestingNG.TestNGgrouping -->
