<?xml version="1.0" encoding="UTF-8"?>
<!-- Generated by org.testng.reporters.JUnitReportReporter -->
<testsuite hostname="LAPTOP-G9O2MJ08" failures="0" tests="1" name="TestingNG.Windowhandlepgm$Windowhandle" time="7.178" errors="0" timestamp="2024-01-02T10:00:38 IST" skipped="0">
  <testcase classname="TestingNG.Windowhandlepgm$Windowhandle" name="test" time="7.178"/>
  <system-out/>
</testsuite> <!-- TestingNG.Windowhandlepgm$Windowhandle -->
