<?xml version="1.0" encoding="UTF-8"?>
<!-- Generated by org.testng.reporters.JUnitReportReporter -->
<testsuite hostname="LAPTOP-G9O2MJ08" failures="0" tests="1" name="Test.Fblogintest" time="1.941" errors="0" timestamp="2024-01-04T11:07:59 IST" skipped="0">
  <testcase classname="Test.Fblogintest" name="testlogin" time="1.941"/>
  <system-out/>
</testsuite> <!-- Test.Fblogintest -->
