<?xml version="1.0" encoding="UTF-8"?>
<!-- Generated by org.testng.reporters.JUnitReportReporter -->
<testsuite hostname="LAPTOP-G9O2MJ08" failures="0" tests="4" name="TestingNG.Testdemo3" time="0.020" errors="0" timestamp="2023-12-18T11:09:03 IST" skipped="1">
  <testcase classname="TestingNG.Testdemo3" name="test2" time="0.003"/>
  <system-out/>
  <testcase classname="TestingNG.Testdemo3" name="test2" time="0.013"/>
  <system-out/>
  <testcase classname="TestingNG.Testdemo3" name="test1" time="0.004"/>
  <system-out/>
  <testcase classname="TestingNG.Testdemo3" name="test3">
    <skipped/>
  </testcase> <!-- test3 -->
  <system-out/>
</testsuite> <!-- TestingNG.Testdemo3 -->
