<?xml version="1.0" encoding="UTF-8"?>
<!-- Generated by org.testng.reporters.JUnitReportReporter -->
<testsuite hostname="LAPTOP-G9O2MJ08" failures="0" tests="1" name="Seleniumpgm.Notification" time="6.455" errors="0" timestamp="2024-01-03T10:35:47 IST" skipped="0">
  <testcase classname="Seleniumpgm.Notification" name="urlloading" time="6.455"/>
  <system-out/>
</testsuite> <!-- Seleniumpgm.Notification -->
