<?xml version="1.0" encoding="UTF-8"?>
<!-- Generated by org.testng.reporters.JUnitReportReporter -->
<testsuite hostname="LAPTOP-G9O2MJ08" failures="0" tests="1" name="TestingNG.Ebaymousedragable" time="2.929" errors="0" timestamp="2023-12-26T10:36:46 IST" skipped="0">
  <testcase classname="TestingNG.Ebaymousedragable" name="test1" time="2.929"/>
  <system-out/>
</testsuite> <!-- TestingNG.Ebaymousedragable -->
