<?xml version="1.0" encoding="UTF-8"?>
<!-- Generated by org.testng.reporters.JUnitReportReporter -->
<testsuite hostname="LAPTOP-G9O2MJ08" failures="0" tests="1" name="TestingNG.Draganddrop" time="6.006" errors="0" timestamp="2023-12-21T22:00:09 IST" skipped="0">
  <testcase classname="TestingNG.Draganddrop" name="test" time="6.006"/>
  <system-out/>
</testsuite> <!-- TestingNG.Draganddrop -->
