<?xml version="1.0" encoding="UTF-8"?>
<!-- Generated by org.testng.reporters.JUnitReportReporter -->
<testsuite hostname="LAPTOP-G9O2MJ08" failures="0" tests="1" name="TestingNG.Pdffile" time="9.508" errors="0" timestamp="2023-12-28T10:36:40 IST" skipped="0">
  <testcase classname="TestingNG.Pdffile" name="test" time="9.508"/>
  <system-out/>
</testsuite> <!-- TestingNG.Pdffile -->
